18:00:26 **** Incremental Build of configuration Debug for project B-L475E-IOT01_GenericMQTT ****
make all 
arm-none-eabi-gcc "../Drivers/BSP/B-L475E-IOT01/stm32l475e_iot01_qspi.c" -mcpu=cortex-m4 -std=gnu11 -g3 -DSTM32L475xx -DUSE_HAL_DRIVER -DSENSOR '-DMBEDTLS_CONFIG_FILE=<genmqtt_mbedtls_config.h>' '-DMQTTCLIENT_PLATFORM_HEADER=paho_mqtt_platform.h' -DENABLE_IOT_INFO -DENABLE_IOT_ERROR -DENABLE_IOT_WARNING -DGENERICMQTT -DUSE_MBED_TLS -DUSE_WIFI -c -I"D:/UPM/4.2 - TFG/Codigo BLIOTA/STM32CubeExpansion_XCLD-GEN V1.1 - simple/Projects/B-L475E-IOT01/Applications/Cloud/GenericMQTT/Includes/CMSIS" -I"D:/UPM/4.2 - TFG/Codigo BLIOTA/STM32CubeExpansion_XCLD-GEN V1.1 - simple/Projects/B-L475E-IOT01/Applications/Cloud/GenericMQTT/Includes/STM32L4xx_HAL_Driver" -I"D:/UPM/4.2 - TFG/Codigo BLIOTA/STM32CubeExpansion_XCLD-GEN V1.1 - simple/Projects/B-L475E-IOT01/Applications/Cloud/GenericMQTT/Includes/B-L475E-IOT01" -I"D:/UPM/4.2 - TFG/Codigo BLIOTA/STM32CubeExpansion_XCLD-GEN V1.1 - simple/Projects/B-L475E-IOT01/Applications/Cloud/GenericMQTT/Includes/Inc" -I"D:/UPM/4.2 - TFG/Codigo BLIOTA/STM32CubeExpansion_XCLD-GEN V1.1 - simple/Projects/B-L475E-IOT01/Applications/Cloud/GenericMQTT/Includes/GenericMQTT" -I"D:/UPM/4.2 - TFG/Codigo BLIOTA/STM32CubeExpansion_XCLD-GEN V1.1 - simple/Projects/B-L475E-IOT01/Applications/Cloud/GenericMQTT/Includes/Shared" -I"D:/UPM/4.2 - TFG/Codigo BLIOTA/STM32CubeExpansion_XCLD-GEN V1.1 - simple/Projects/B-L475E-IOT01/Applications/Cloud/GenericMQTT/Includes/MQTTClient-C" -I"D:/UPM/4.2 - TFG/Codigo BLIOTA/STM32CubeExpansion_XCLD-GEN V1.1 - simple/Projects/B-L475E-IOT01/Applications/Cloud/GenericMQTT/Includes/MQTTPacket" -I"D:/UPM/4.2 - TFG/Codigo BLIOTA/STM32CubeExpansion_XCLD-GEN V1.1 - simple/Projects/B-L475E-IOT01/Applications/Cloud/GenericMQTT/Includes/cJSON" -I"D:/UPM/4.2 - TFG/Codigo BLIOTA/STM32CubeExpansion_XCLD-GEN V1.1 - simple/Projects/B-L475E-IOT01/Applications/Cloud/GenericMQTT/Includes/es_wifi" -I"D:/UPM/4.2 - TFG/Codigo BLIOTA/STM32CubeExpansion_XCLD-GEN V1.1 - simple/Projects/B-L475E-IOT01/Applications/Cloud/GenericMQTT/Includes/hts221" -I"D:/UPM/4.2 - TFG/Codigo BLIOTA/STM32CubeExpansion_XCLD-GEN V1.1 - simple/Projects/B-L475E-IOT01/Applications/Cloud/GenericMQTT/Includes/lis3mdl" -I"D:/UPM/4.2 - TFG/Codigo BLIOTA/STM32CubeExpansion_XCLD-GEN V1.1 - simple/Projects/B-L475E-IOT01/Applications/Cloud/GenericMQTT/Includes/lps22hb" -I"D:/UPM/4.2 - TFG/Codigo BLIOTA/STM32CubeExpansion_XCLD-GEN V1.1 - simple/Projects/B-L475E-IOT01/Applications/Cloud/GenericMQTT/Includes/lsm6dsl" -I"D:/UPM/4.2 - TFG/Codigo BLIOTA/STM32CubeExpansion_XCLD-GEN V1.1 - simple/Projects/B-L475E-IOT01/Applications/Cloud/GenericMQTT/Includes/mbedTLS" -Os -ffunction-sections -Wall -fstack-usage -MMD -MP -MF"Drivers/BSP/B-L475E-IOT01/stm32l475e_iot01_qspi.d" -MT"Drivers/BSP/B-L475E-IOT01/stm32l475e_iot01_qspi.o" --specs=nano.specs -mfpu=fpv4-sp-d16 -mfloat-abi=hard -mthumb -o "Drivers/BSP/B-L475E-IOT01/stm32l475e_iot01_qspi.o"
../Drivers/BSP/B-L475E-IOT01/stm32l475e_iot01_qspi.c:107:1: error: unknown type name 'QSPI_HandleTypeDef'; did you mean 'SPI_HandleTypeDef'?
 QSPI_HandleTypeDef QSPIHandle;
 ^~~~~~~~~~~~~~~~~~
 SPI_HandleTypeDef
../Drivers/BSP/B-L475E-IOT01/stm32l475e_iot01_qspi.c:119:41: error: unknown type name 'QSPI_HandleTypeDef'; did you mean 'SPI_HandleTypeDef'?
 static uint8_t QSPI_ResetMemory        (QSPI_HandleTypeDef *hqspi);
                                         ^~~~~~~~~~~~~~~~~~
                                         SPI_HandleTypeDef
../Drivers/BSP/B-L475E-IOT01/stm32l475e_iot01_qspi.c:120:41: error: unknown type name 'QSPI_HandleTypeDef'; did you mean 'SPI_HandleTypeDef'?
 static uint8_t QSPI_WriteEnable        (QSPI_HandleTypeDef *hqspi);
                                         ^~~~~~~~~~~~~~~~~~
                                         SPI_HandleTypeDef
../Drivers/BSP/B-L475E-IOT01/stm32l475e_iot01_qspi.c:121:41: error: unknown type name 'QSPI_HandleTypeDef'; did you mean 'SPI_HandleTypeDef'?
 static uint8_t QSPI_AutoPollingMemReady(QSPI_HandleTypeDef *hqspi, uint32_t Timeout);
                                         ^~~~~~~~~~~~~~~~~~
                                         SPI_HandleTypeDef
../Drivers/BSP/B-L475E-IOT01/stm32l475e_iot01_qspi.c:122:41: error: unknown type name 'QSPI_HandleTypeDef'; did you mean 'SPI_HandleTypeDef'?
 static uint8_t QSPI_QuadMode           (QSPI_HandleTypeDef *hqspi, uint8_t Operation);
                                         ^~~~~~~~~~~~~~~~~~
                                         SPI_HandleTypeDef
../Drivers/BSP/B-L475E-IOT01/stm32l475e_iot01_qspi.c:123:41: error: unknown type name 'QSPI_HandleTypeDef'; did you mean 'SPI_HandleTypeDef'?
 static uint8_t QSPI_HighPerfMode       (QSPI_HandleTypeDef *hqspi, uint8_t Operation);
                                         ^~~~~~~~~~~~~~~~~~
                                         SPI_HandleTypeDef
../Drivers/BSP/B-L475E-IOT01/stm32l475e_iot01_qspi.c: In function 'BSP_QSPI_Init':
../Drivers/BSP/B-L475E-IOT01/stm32l475e_iot01_qspi.c:141:13: error: request for member 'Instance' in something not a structure or union
   QSPIHandle.Instance = QUADSPI;
             ^
../Drivers/BSP/B-L475E-IOT01/stm32l475e_iot01_qspi.c:144:7: warning: implicit declaration of function 'HAL_QSPI_DeInit'; did you mean 'HAL_SPI_DeInit'? [-Wimplicit-function-declaration]
   if (HAL_QSPI_DeInit(&QSPIHandle) != HAL_OK)
       ^~~~~~~~~~~~~~~
       HAL_SPI_DeInit
../Drivers/BSP/B-L475E-IOT01/stm32l475e_iot01_qspi.c:153:13: error: request for member 'Init' in something not a structure or union
   QSPIHandle.Init.ClockPrescaler     = 2; /* QSPI clock = 80MHz / (ClockPrescaler+1) = 26.67MHz */
             ^
../Drivers/BSP/B-L475E-IOT01/stm32l475e_iot01_qspi.c:154:13: error: request for member 'Init' in something not a structure or union
   QSPIHandle.Init.FifoThreshold      = 4;
             ^
../Drivers/BSP/B-L475E-IOT01/stm32l475e_iot01_qspi.c:155:13: error: request for member 'Init' in something not a structure or union
   QSPIHandle.Init.SampleShifting     = QSPI_SAMPLE_SHIFTING_NONE;
             ^
../Drivers/BSP/B-L475E-IOT01/stm32l475e_iot01_qspi.c:155:40: error: 'QSPI_SAMPLE_SHIFTING_NONE' undeclared (first use in this function)
   QSPIHandle.Init.SampleShifting     = QSPI_SAMPLE_SHIFTING_NONE;
                                        ^~~~~~~~~~~~~~~~~~~~~~~~~
../Drivers/BSP/B-L475E-IOT01/stm32l475e_iot01_qspi.c:155:40: note: each undeclared identifier is reported only once for each function it appears in
../Drivers/BSP/B-L475E-IOT01/stm32l475e_iot01_qspi.c:156:13: error: request for member 'Init' in something not a structure or union
   QSPIHandle.Init.FlashSize          = POSITION_VAL(MX25R6435F_FLASH_SIZE) - 1;
             ^
../Drivers/BSP/B-L475E-IOT01/stm32l475e_iot01_qspi.c:157:13: error: request for member 'Init' in something not a structure or union
   QSPIHandle.Init.ChipSelectHighTime = QSPI_CS_HIGH_TIME_1_CYCLE;
             ^
../Drivers/BSP/B-L475E-IOT01/stm32l475e_iot01_qspi.c:157:40: error: 'QSPI_CS_HIGH_TIME_1_CYCLE' undeclared (first use in this function); did you mean 'QSPI_HIGH_PERF_DISABLE'?
   QSPIHandle.Init.ChipSelectHighTime = QSPI_CS_HIGH_TIME_1_CYCLE;
                                        ^~~~~~~~~~~~~~~~~~~~~~~~~
                                        QSPI_HIGH_PERF_DISABLE
../Drivers/BSP/B-L475E-IOT01/stm32l475e_iot01_qspi.c:158:13: error: request for member 'Init' in something not a structure or union
   QSPIHandle.Init.ClockMode          = QSPI_CLOCK_MODE_0;
             ^
../Drivers/BSP/B-L475E-IOT01/stm32l475e_iot01_qspi.c:158:40: error: 'QSPI_CLOCK_MODE_0' undeclared (first use in this function); did you mean 'QUADSPI_CCR_FMODE_0'?
   QSPIHandle.Init.ClockMode          = QSPI_CLOCK_MODE_0;
                                        ^~~~~~~~~~~~~~~~~
                                        QUADSPI_CCR_FMODE_0
../Drivers/BSP/B-L475E-IOT01/stm32l475e_iot01_qspi.c:160:7: warning: implicit declaration of function 'HAL_QSPI_Init'; did you mean 'HAL_SPI_Init'? [-Wimplicit-function-declaration]
   if (HAL_QSPI_Init(&QSPIHandle) != HAL_OK)
       ^~~~~~~~~~~~~
       HAL_SPI_Init
../Drivers/BSP/B-L475E-IOT01/stm32l475e_iot01_qspi.c:166:7: warning: implicit declaration of function 'QSPI_ResetMemory' [-Wimplicit-function-declaration]
   if (QSPI_ResetMemory(&QSPIHandle) != QSPI_OK)
       ^~~~~~~~~~~~~~~~
../Drivers/BSP/B-L475E-IOT01/stm32l475e_iot01_qspi.c:172:7: warning: implicit declaration of function 'QSPI_QuadMode' [-Wimplicit-function-declaration]
   if (QSPI_QuadMode(&QSPIHandle, QSPI_QUAD_ENABLE) != QSPI_OK)
       ^~~~~~~~~~~~~
../Drivers/BSP/B-L475E-IOT01/stm32l475e_iot01_qspi.c:178:7: warning: implicit declaration of function 'QSPI_HighPerfMode' [-Wimplicit-function-declaration]
   if (QSPI_HighPerfMode(&QSPIHandle, QSPI_HIGH_PERF_ENABLE) != QSPI_OK)
       ^~~~~~~~~~~~~~~~~
../Drivers/BSP/B-L475E-IOT01/stm32l475e_iot01_qspi.c:184:13: error: request for member 'Init' in something not a structure or union
   QSPIHandle.Init.ClockPrescaler = 1; /* QSPI clock = 80MHz / (ClockPrescaler+1) = 40MHz */
             ^
../Drivers/BSP/B-L475E-IOT01/stm32l475e_iot01_qspi.c: In function 'BSP_QSPI_DeInit':
../Drivers/BSP/B-L475E-IOT01/stm32l475e_iot01_qspi.c:200:13: error: request for member 'Instance' in something not a structure or union
   QSPIHandle.Instance = QUADSPI;
             ^
../Drivers/BSP/B-L475E-IOT01/stm32l475e_iot01_qspi.c: In function 'BSP_QSPI_Read':
../Drivers/BSP/B-L475E-IOT01/stm32l475e_iot01_qspi.c:223:3: error: unknown type name 'QSPI_CommandTypeDef'; did you mean 'COMP_Common_TypeDef'?
   QSPI_CommandTypeDef sCommand;
   ^~~~~~~~~~~~~~~~~~~
   COMP_Common_TypeDef
../Drivers/BSP/B-L475E-IOT01/stm32l475e_iot01_qspi.c:226:11: error: request for member 'InstructionMode' in something not a structure or union
   sCommand.InstructionMode    = QSPI_INSTRUCTION_1_LINE;
           ^
../Drivers/BSP/B-L475E-IOT01/stm32l475e_iot01_qspi.c:226:33: error: 'QSPI_INSTRUCTION_1_LINE' undeclared (first use in this function); did you mean 'SPI_DIRECTION_1LINE'?
   sCommand.InstructionMode    = QSPI_INSTRUCTION_1_LINE;
                                 ^~~~~~~~~~~~~~~~~~~~~~~
                                 SPI_DIRECTION_1LINE
../Drivers/BSP/B-L475E-IOT01/stm32l475e_iot01_qspi.c:227:11: error: request for member 'Instruction' in something not a structure or union
   sCommand.Instruction        = QUAD_INOUT_READ_CMD;
           ^
../Drivers/BSP/B-L475E-IOT01/stm32l475e_iot01_qspi.c:228:11: error: request for member 'AddressMode' in something not a structure or union
   sCommand.AddressMode        = QSPI_ADDRESS_4_LINES;
           ^
../Drivers/BSP/B-L475E-IOT01/stm32l475e_iot01_qspi.c:228:33: error: 'QSPI_ADDRESS_4_LINES' undeclared (first use in this function); did you mean 'SPI_DIRECTION_2LINES'?
   sCommand.AddressMode        = QSPI_ADDRESS_4_LINES;
                                 ^~~~~~~~~~~~~~~~~~~~
                                 SPI_DIRECTION_2LINES
../Drivers/BSP/B-L475E-IOT01/stm32l475e_iot01_qspi.c:229:11: error: request for member 'AddressSize' in something not a structure or union
   sCommand.AddressSize        = QSPI_ADDRESS_24_BITS;
           ^
../Drivers/BSP/B-L475E-IOT01/stm32l475e_iot01_qspi.c:229:33: error: 'QSPI_ADDRESS_24_BITS' undeclared (first use in this function); did you mean 'QSPI_ADDRESS_4_LINES'?
   sCommand.AddressSize        = QSPI_ADDRESS_24_BITS;
                                 ^~~~~~~~~~~~~~~~~~~~
                                 QSPI_ADDRESS_4_LINES
../Drivers/BSP/B-L475E-IOT01/stm32l475e_iot01_qspi.c:230:11: error: request for member 'Address' in something not a structure or union
   sCommand.Address            = ReadAddr;
           ^
../Drivers/BSP/B-L475E-IOT01/stm32l475e_iot01_qspi.c:231:11: error: request for member 'AlternateByteMode' in something not a structure or union
   sCommand.AlternateByteMode  = QSPI_ALTERNATE_BYTES_4_LINES;
           ^
../Drivers/BSP/B-L475E-IOT01/stm32l475e_iot01_qspi.c:231:33: error: 'QSPI_ALTERNATE_BYTES_4_LINES' undeclared (first use in this function); did you mean 'QSPI_ADDRESS_4_LINES'?
   sCommand.AlternateByteMode  = QSPI_ALTERNATE_BYTES_4_LINES;
                                 ^~~~~~~~~~~~~~~~~~~~~~~~~~~~
                                 QSPI_ADDRESS_4_LINES
../Drivers/BSP/B-L475E-IOT01/stm32l475e_iot01_qspi.c:232:11: error: request for member 'AlternateBytesSize' in something not a structure or union
   sCommand.AlternateBytesSize = QSPI_ALTERNATE_BYTES_8_BITS;
           ^
../Drivers/BSP/B-L475E-IOT01/stm32l475e_iot01_qspi.c:232:33: error: 'QSPI_ALTERNATE_BYTES_8_BITS' undeclared (first use in this function); did you mean 'QSPI_ALTERNATE_BYTES_4_LINES'?
   sCommand.AlternateBytesSize = QSPI_ALTERNATE_BYTES_8_BITS;
                                 ^~~~~~~~~~~~~~~~~~~~~~~~~~~
                                 QSPI_ALTERNATE_BYTES_4_LINES
../Drivers/BSP/B-L475E-IOT01/stm32l475e_iot01_qspi.c:233:11: error: request for member 'AlternateBytes' in something not a structure or union
   sCommand.AlternateBytes     = MX25R6435F_ALT_BYTES_NO_PE_MODE;
           ^
../Drivers/BSP/B-L475E-IOT01/stm32l475e_iot01_qspi.c:234:11: error: request for member 'DataMode' in something not a structure or union
   sCommand.DataMode           = QSPI_DATA_4_LINES;
           ^
../Drivers/BSP/B-L475E-IOT01/stm32l475e_iot01_qspi.c:234:33: error: 'QSPI_DATA_4_LINES' undeclared (first use in this function); did you mean 'QSPI_ADDRESS_4_LINES'?
   sCommand.DataMode           = QSPI_DATA_4_LINES;
                                 ^~~~~~~~~~~~~~~~~
                                 QSPI_ADDRESS_4_LINES
../Drivers/BSP/B-L475E-IOT01/stm32l475e_iot01_qspi.c:235:11: error: request for member 'DummyCycles' in something not a structure or union
   sCommand.DummyCycles        = MX25R6435F_DUMMY_CYCLES_READ_QUAD;
           ^
../Drivers/BSP/B-L475E-IOT01/stm32l475e_iot01_qspi.c:236:11: error: request for member 'NbData' in something not a structure or union
   sCommand.NbData             = Size;
           ^
../Drivers/BSP/B-L475E-IOT01/stm32l475e_iot01_qspi.c:237:11: error: request for member 'DdrMode' in something not a structure or union
   sCommand.DdrMode            = QSPI_DDR_MODE_DISABLE;
           ^
../Drivers/BSP/B-L475E-IOT01/stm32l475e_iot01_qspi.c:237:33: error: 'QSPI_DDR_MODE_DISABLE' undeclared (first use in this function); did you mean 'SPI_TIMODE_DISABLE'?
   sCommand.DdrMode            = QSPI_DDR_MODE_DISABLE;
                                 ^~~~~~~~~~~~~~~~~~~~~
                                 SPI_TIMODE_DISABLE
../Drivers/BSP/B-L475E-IOT01/stm32l475e_iot01_qspi.c:238:11: error: request for member 'DdrHoldHalfCycle' in something not a structure or union
   sCommand.DdrHoldHalfCycle   = QSPI_DDR_HHC_ANALOG_DELAY;
           ^
../Drivers/BSP/B-L475E-IOT01/stm32l475e_iot01_qspi.c:238:33: error: 'QSPI_DDR_HHC_ANALOG_DELAY' undeclared (first use in this function)
   sCommand.DdrHoldHalfCycle   = QSPI_DDR_HHC_ANALOG_DELAY;
                                 ^~~~~~~~~~~~~~~~~~~~~~~~~
../Drivers/BSP/B-L475E-IOT01/stm32l475e_iot01_qspi.c:239:11: error: request for member 'SIOOMode' in something not a structure or union
   sCommand.SIOOMode           = QSPI_SIOO_INST_EVERY_CMD;
           ^
../Drivers/BSP/B-L475E-IOT01/stm32l475e_iot01_qspi.c:239:33: error: 'QSPI_SIOO_INST_EVERY_CMD' undeclared (first use in this function)
   sCommand.SIOOMode           = QSPI_SIOO_INST_EVERY_CMD;
                                 ^~~~~~~~~~~~~~~~~~~~~~~~
../Drivers/BSP/B-L475E-IOT01/stm32l475e_iot01_qspi.c:242:7: warning: implicit declaration of function 'HAL_QSPI_Command'; did you mean 'BSP_QSPI_Read'? [-Wimplicit-function-declaration]
   if (HAL_QSPI_Command(&QSPIHandle, &sCommand, HAL_QPSI_TIMEOUT_DEFAULT_VALUE) != HAL_OK)
       ^~~~~~~~~~~~~~~~
       BSP_QSPI_Read
../Drivers/BSP/B-L475E-IOT01/stm32l475e_iot01_qspi.c:242:48: error: 'HAL_QPSI_TIMEOUT_DEFAULT_VALUE' undeclared (first use in this function); did you mean 'HAL_UART_TIMEOUT_VALUE'?
   if (HAL_QSPI_Command(&QSPIHandle, &sCommand, HAL_QPSI_TIMEOUT_DEFAULT_VALUE) != HAL_OK)
                                                ^~~~~~~~~~~~~~~~~~~~~~~~~~~~~~
                                                HAL_UART_TIMEOUT_VALUE
../Drivers/BSP/B-L475E-IOT01/stm32l475e_iot01_qspi.c:248:7: warning: implicit declaration of function 'HAL_QSPI_Receive'; did you mean 'HAL_SPI_Receive'? [-Wimplicit-function-declaration]
   if (HAL_QSPI_Receive(&QSPIHandle, pData, HAL_QPSI_TIMEOUT_DEFAULT_VALUE) != HAL_OK)
       ^~~~~~~~~~~~~~~~
       HAL_SPI_Receive
../Drivers/BSP/B-L475E-IOT01/stm32l475e_iot01_qspi.c: In function 'BSP_QSPI_Write':
../Drivers/BSP/B-L475E-IOT01/stm32l475e_iot01_qspi.c:265:3: error: unknown type name 'QSPI_CommandTypeDef'; did you mean 'COMP_Common_TypeDef'?
   QSPI_CommandTypeDef sCommand;
   ^~~~~~~~~~~~~~~~~~~
   COMP_Common_TypeDef
../Drivers/BSP/B-L475E-IOT01/stm32l475e_iot01_qspi.c:282:11: error: request for member 'InstructionMode' in something not a structure or union
   sCommand.InstructionMode   = QSPI_INSTRUCTION_1_LINE;
           ^
../Drivers/BSP/B-L475E-IOT01/stm32l475e_iot01_qspi.c:282:32: error: 'QSPI_INSTRUCTION_1_LINE' undeclared (first use in this function); did you mean 'SPI_DIRECTION_1LINE'?
   sCommand.InstructionMode   = QSPI_INSTRUCTION_1_LINE;
                                ^~~~~~~~~~~~~~~~~~~~~~~
                                SPI_DIRECTION_1LINE
../Drivers/BSP/B-L475E-IOT01/stm32l475e_iot01_qspi.c:283:11: error: request for member 'Instruction' in something not a structure or union
   sCommand.Instruction       = QUAD_PAGE_PROG_CMD;
           ^
../Drivers/BSP/B-L475E-IOT01/stm32l475e_iot01_qspi.c:284:11: error: request for member 'AddressMode' in something not a structure or union
   sCommand.AddressMode       = QSPI_ADDRESS_4_LINES;
           ^
../Drivers/BSP/B-L475E-IOT01/stm32l475e_iot01_qspi.c:284:32: error: 'QSPI_ADDRESS_4_LINES' undeclared (first use in this function); did you mean 'SPI_DIRECTION_2LINES'?
   sCommand.AddressMode       = QSPI_ADDRESS_4_LINES;
                                ^~~~~~~~~~~~~~~~~~~~
                                SPI_DIRECTION_2LINES
../Drivers/BSP/B-L475E-IOT01/stm32l475e_iot01_qspi.c:285:11: error: request for member 'AddressSize' in something not a structure or union
   sCommand.AddressSize       = QSPI_ADDRESS_24_BITS;
           ^
../Drivers/BSP/B-L475E-IOT01/stm32l475e_iot01_qspi.c:285:32: error: 'QSPI_ADDRESS_24_BITS' undeclared (first use in this function); did you mean 'QSPI_ADDRESS_4_LINES'?
   sCommand.AddressSize       = QSPI_ADDRESS_24_BITS;
                                ^~~~~~~~~~~~~~~~~~~~
                                QSPI_ADDRESS_4_LINES
../Drivers/BSP/B-L475E-IOT01/stm32l475e_iot01_qspi.c:286:11: error: request for member 'AlternateByteMode' in something not a structure or union
   sCommand.AlternateByteMode = QSPI_ALTERNATE_BYTES_NONE;
           ^
../Drivers/BSP/B-L475E-IOT01/stm32l475e_iot01_qspi.c:286:32: error: 'QSPI_ALTERNATE_BYTES_NONE' undeclared (first use in this function)
   sCommand.AlternateByteMode = QSPI_ALTERNATE_BYTES_NONE;
                                ^~~~~~~~~~~~~~~~~~~~~~~~~
../Drivers/BSP/B-L475E-IOT01/stm32l475e_iot01_qspi.c:287:11: error: request for member 'DataMode' in something not a structure or union
   sCommand.DataMode          = QSPI_DATA_4_LINES;
           ^
../Drivers/BSP/B-L475E-IOT01/stm32l475e_iot01_qspi.c:287:32: error: 'QSPI_DATA_4_LINES' undeclared (first use in this function); did you mean 'QSPI_ADDRESS_4_LINES'?
   sCommand.DataMode          = QSPI_DATA_4_LINES;
                                ^~~~~~~~~~~~~~~~~
                                QSPI_ADDRESS_4_LINES
../Drivers/BSP/B-L475E-IOT01/stm32l475e_iot01_qspi.c:288:11: error: request for member 'DummyCycles' in something not a structure or union
   sCommand.DummyCycles       = 0;
           ^
../Drivers/BSP/B-L475E-IOT01/stm32l475e_iot01_qspi.c:289:11: error: request for member 'DdrMode' in something not a structure or union
   sCommand.DdrMode           = QSPI_DDR_MODE_DISABLE;
           ^
../Drivers/BSP/B-L475E-IOT01/stm32l475e_iot01_qspi.c:289:32: error: 'QSPI_DDR_MODE_DISABLE' undeclared (first use in this function); did you mean 'SPI_TIMODE_DISABLE'?
   sCommand.DdrMode           = QSPI_DDR_MODE_DISABLE;
                                ^~~~~~~~~~~~~~~~~~~~~
                                SPI_TIMODE_DISABLE
../Drivers/BSP/B-L475E-IOT01/stm32l475e_iot01_qspi.c:290:11: error: request for member 'DdrHoldHalfCycle' in something not a structure or union
   sCommand.DdrHoldHalfCycle  = QSPI_DDR_HHC_ANALOG_DELAY;
           ^
../Drivers/BSP/B-L475E-IOT01/stm32l475e_iot01_qspi.c:290:32: error: 'QSPI_DDR_HHC_ANALOG_DELAY' undeclared (first use in this function)
   sCommand.DdrHoldHalfCycle  = QSPI_DDR_HHC_ANALOG_DELAY;
                                ^~~~~~~~~~~~~~~~~~~~~~~~~
../Drivers/BSP/B-L475E-IOT01/stm32l475e_iot01_qspi.c:291:11: error: request for member 'SIOOMode' in something not a structure or union
   sCommand.SIOOMode          = QSPI_SIOO_INST_EVERY_CMD;
           ^
../Drivers/BSP/B-L475E-IOT01/stm32l475e_iot01_qspi.c:291:32: error: 'QSPI_SIOO_INST_EVERY_CMD' undeclared (first use in this function)
   sCommand.SIOOMode          = QSPI_SIOO_INST_EVERY_CMD;
                                ^~~~~~~~~~~~~~~~~~~~~~~~
../Drivers/BSP/B-L475E-IOT01/stm32l475e_iot01_qspi.c:296:13: error: request for member 'Address' in something not a structure or union
     sCommand.Address = current_addr;
             ^
../Drivers/BSP/B-L475E-IOT01/stm32l475e_iot01_qspi.c:297:13: error: request for member 'NbData' in something not a structure or union
     sCommand.NbData  = current_size;
             ^
../Drivers/BSP/B-L475E-IOT01/stm32l475e_iot01_qspi.c:300:9: warning: implicit declaration of function 'QSPI_WriteEnable' [-Wimplicit-function-declaration]
     if (QSPI_WriteEnable(&QSPIHandle) != QSPI_OK)
         ^~~~~~~~~~~~~~~~
../Drivers/BSP/B-L475E-IOT01/stm32l475e_iot01_qspi.c:306:50: error: 'HAL_QPSI_TIMEOUT_DEFAULT_VALUE' undeclared (first use in this function); did you mean 'HAL_UART_TIMEOUT_VALUE'?
     if (HAL_QSPI_Command(&QSPIHandle, &sCommand, HAL_QPSI_TIMEOUT_DEFAULT_VALUE) != HAL_OK)
                                                  ^~~~~~~~~~~~~~~~~~~~~~~~~~~~~~
                                                  HAL_UART_TIMEOUT_VALUE
../Drivers/BSP/B-L475E-IOT01/stm32l475e_iot01_qspi.c:312:9: warning: implicit declaration of function 'HAL_QSPI_Transmit'; did you mean 'HAL_SPI_Transmit'? [-Wimplicit-function-declaration]
     if (HAL_QSPI_Transmit(&QSPIHandle, pData, HAL_QPSI_TIMEOUT_DEFAULT_VALUE) != HAL_OK)
         ^~~~~~~~~~~~~~~~~
         HAL_SPI_Transmit
../Drivers/BSP/B-L475E-IOT01/stm32l475e_iot01_qspi.c:318:9: warning: implicit declaration of function 'QSPI_AutoPollingMemReady' [-Wimplicit-function-declaration]
     if (QSPI_AutoPollingMemReady(&QSPIHandle, HAL_QPSI_TIMEOUT_DEFAULT_VALUE) != QSPI_OK)
         ^~~~~~~~~~~~~~~~~~~~~~~~
../Drivers/BSP/B-L475E-IOT01/stm32l475e_iot01_qspi.c: In function 'BSP_QSPI_Erase_Block':
../Drivers/BSP/B-L475E-IOT01/stm32l475e_iot01_qspi.c:339:3: error: unknown type name 'QSPI_CommandTypeDef'; did you mean 'COMP_Common_TypeDef'?
   QSPI_CommandTypeDef sCommand;
   ^~~~~~~~~~~~~~~~~~~
   COMP_Common_TypeDef
../Drivers/BSP/B-L475E-IOT01/stm32l475e_iot01_qspi.c:342:11: error: request for member 'InstructionMode' in something not a structure or union
   sCommand.InstructionMode   = QSPI_INSTRUCTION_1_LINE;
           ^
../Drivers/BSP/B-L475E-IOT01/stm32l475e_iot01_qspi.c:342:32: error: 'QSPI_INSTRUCTION_1_LINE' undeclared (first use in this function); did you mean 'SPI_DIRECTION_1LINE'?
   sCommand.InstructionMode   = QSPI_INSTRUCTION_1_LINE;
                                ^~~~~~~~~~~~~~~~~~~~~~~
                                SPI_DIRECTION_1LINE
../Drivers/BSP/B-L475E-IOT01/stm32l475e_iot01_qspi.c:343:11: error: request for member 'Instruction' in something not a structure or union
   sCommand.Instruction       = BLOCK_ERASE_CMD;
           ^
../Drivers/BSP/B-L475E-IOT01/stm32l475e_iot01_qspi.c:344:11: error: request for member 'AddressMode' in something not a structure or union
   sCommand.AddressMode       = QSPI_ADDRESS_1_LINE;
           ^
../Drivers/BSP/B-L475E-IOT01/stm32l475e_iot01_qspi.c:344:32: error: 'QSPI_ADDRESS_1_LINE' undeclared (first use in this function); did you mean 'SPI_DIRECTION_1LINE'?
   sCommand.AddressMode       = QSPI_ADDRESS_1_LINE;
                                ^~~~~~~~~~~~~~~~~~~
                                SPI_DIRECTION_1LINE
../Drivers/BSP/B-L475E-IOT01/stm32l475e_iot01_qspi.c:345:11: error: request for member 'AddressSize' in something not a structure or union
   sCommand.AddressSize       = QSPI_ADDRESS_24_BITS;
           ^
../Drivers/BSP/B-L475E-IOT01/stm32l475e_iot01_qspi.c:345:32: error: 'QSPI_ADDRESS_24_BITS' undeclared (first use in this function); did you mean 'QSPI_ADDRESS_1_LINE'?
   sCommand.AddressSize       = QSPI_ADDRESS_24_BITS;
                                ^~~~~~~~~~~~~~~~~~~~
                                QSPI_ADDRESS_1_LINE
../Drivers/BSP/B-L475E-IOT01/stm32l475e_iot01_qspi.c:346:11: error: request for member 'Address' in something not a structure or union
   sCommand.Address           = BlockAddress;
           ^
../Drivers/BSP/B-L475E-IOT01/stm32l475e_iot01_qspi.c:347:11: error: request for member 'AlternateByteMode' in something not a structure or union
   sCommand.AlternateByteMode = QSPI_ALTERNATE_BYTES_NONE;
           ^
../Drivers/BSP/B-L475E-IOT01/stm32l475e_iot01_qspi.c:347:32: error: 'QSPI_ALTERNATE_BYTES_NONE' undeclared (first use in this function)
   sCommand.AlternateByteMode = QSPI_ALTERNATE_BYTES_NONE;
                                ^~~~~~~~~~~~~~~~~~~~~~~~~
../Drivers/BSP/B-L475E-IOT01/stm32l475e_iot01_qspi.c:348:11: error: request for member 'DataMode' in something not a structure or union
   sCommand.DataMode          = QSPI_DATA_NONE;
           ^
../Drivers/BSP/B-L475E-IOT01/stm32l475e_iot01_qspi.c:348:32: error: 'QSPI_DATA_NONE' undeclared (first use in this function); did you mean 'SPI_IT_RXNE'?
   sCommand.DataMode          = QSPI_DATA_NONE;
                                ^~~~~~~~~~~~~~
                                SPI_IT_RXNE
../Drivers/BSP/B-L475E-IOT01/stm32l475e_iot01_qspi.c:349:11: error: request for member 'DummyCycles' in something not a structure or union
   sCommand.DummyCycles       = 0;
           ^
../Drivers/BSP/B-L475E-IOT01/stm32l475e_iot01_qspi.c:350:11: error: request for member 'DdrMode' in something not a structure or union
   sCommand.DdrMode           = QSPI_DDR_MODE_DISABLE;
           ^
../Drivers/BSP/B-L475E-IOT01/stm32l475e_iot01_qspi.c:350:32: error: 'QSPI_DDR_MODE_DISABLE' undeclared (first use in this function); did you mean 'SPI_TIMODE_DISABLE'?
   sCommand.DdrMode           = QSPI_DDR_MODE_DISABLE;
                                ^~~~~~~~~~~~~~~~~~~~~
                                SPI_TIMODE_DISABLE
../Drivers/BSP/B-L475E-IOT01/stm32l475e_iot01_qspi.c:351:11: error: request for member 'DdrHoldHalfCycle' in something not a structure or union
   sCommand.DdrHoldHalfCycle  = QSPI_DDR_HHC_ANALOG_DELAY;
           ^
../Drivers/BSP/B-L475E-IOT01/stm32l475e_iot01_qspi.c:351:32: error: 'QSPI_DDR_HHC_ANALOG_DELAY' undeclared (first use in this function)
   sCommand.DdrHoldHalfCycle  = QSPI_DDR_HHC_ANALOG_DELAY;
                                ^~~~~~~~~~~~~~~~~~~~~~~~~
../Drivers/BSP/B-L475E-IOT01/stm32l475e_iot01_qspi.c:352:11: error: request for member 'SIOOMode' in something not a structure or union
   sCommand.SIOOMode          = QSPI_SIOO_INST_EVERY_CMD;
           ^
../Drivers/BSP/B-L475E-IOT01/stm32l475e_iot01_qspi.c:352:32: error: 'QSPI_SIOO_INST_EVERY_CMD' undeclared (first use in this function)
   sCommand.SIOOMode          = QSPI_SIOO_INST_EVERY_CMD;
                                ^~~~~~~~~~~~~~~~~~~~~~~~
../Drivers/BSP/B-L475E-IOT01/stm32l475e_iot01_qspi.c:361:48: error: 'HAL_QPSI_TIMEOUT_DEFAULT_VALUE' undeclared (first use in this function); did you mean 'HAL_UART_TIMEOUT_VALUE'?
   if (HAL_QSPI_Command(&QSPIHandle, &sCommand, HAL_QPSI_TIMEOUT_DEFAULT_VALUE) != HAL_OK)
                                                ^~~~~~~~~~~~~~~~~~~~~~~~~~~~~~
                                                HAL_UART_TIMEOUT_VALUE
../Drivers/BSP/B-L475E-IOT01/stm32l475e_iot01_qspi.c: In function 'BSP_QSPI_Erase_Sector':
../Drivers/BSP/B-L475E-IOT01/stm32l475e_iot01_qspi.c:387:3: error: unknown type name 'QSPI_CommandTypeDef'; did you mean 'COMP_Common_TypeDef'?
   QSPI_CommandTypeDef sCommand;
   ^~~~~~~~~~~~~~~~~~~
   COMP_Common_TypeDef
../Drivers/BSP/B-L475E-IOT01/stm32l475e_iot01_qspi.c:395:11: error: request for member 'InstructionMode' in something not a structure or union
   sCommand.InstructionMode   = QSPI_INSTRUCTION_1_LINE;
           ^
../Drivers/BSP/B-L475E-IOT01/stm32l475e_iot01_qspi.c:395:32: error: 'QSPI_INSTRUCTION_1_LINE' undeclared (first use in this function); did you mean 'SPI_DIRECTION_1LINE'?
   sCommand.InstructionMode   = QSPI_INSTRUCTION_1_LINE;
                                ^~~~~~~~~~~~~~~~~~~~~~~
                                SPI_DIRECTION_1LINE
../Drivers/BSP/B-L475E-IOT01/stm32l475e_iot01_qspi.c:396:11: error: request for member 'Instruction' in something not a structure or union
   sCommand.Instruction       = SECTOR_ERASE_CMD;
           ^
../Drivers/BSP/B-L475E-IOT01/stm32l475e_iot01_qspi.c:397:11: error: request for member 'AddressMode' in something not a structure or union
   sCommand.AddressMode       = QSPI_ADDRESS_1_LINE;
           ^
../Drivers/BSP/B-L475E-IOT01/stm32l475e_iot01_qspi.c:397:32: error: 'QSPI_ADDRESS_1_LINE' undeclared (first use in this function); did you mean 'SPI_DIRECTION_1LINE'?
   sCommand.AddressMode       = QSPI_ADDRESS_1_LINE;
                                ^~~~~~~~~~~~~~~~~~~
                                SPI_DIRECTION_1LINE
../Drivers/BSP/B-L475E-IOT01/stm32l475e_iot01_qspi.c:398:11: error: request for member 'AddressSize' in something not a structure or union
   sCommand.AddressSize       = QSPI_ADDRESS_24_BITS;
           ^
../Drivers/BSP/B-L475E-IOT01/stm32l475e_iot01_qspi.c:398:32: error: 'QSPI_ADDRESS_24_BITS' undeclared (first use in this function); did you mean 'QSPI_ADDRESS_1_LINE'?
   sCommand.AddressSize       = QSPI_ADDRESS_24_BITS;
                                ^~~~~~~~~~~~~~~~~~~~
                                QSPI_ADDRESS_1_LINE
../Drivers/BSP/B-L475E-IOT01/stm32l475e_iot01_qspi.c:399:11: error: request for member 'Address' in something not a structure or union
   sCommand.Address           = (Sector * MX25R6435F_SECTOR_SIZE);
           ^
../Drivers/BSP/B-L475E-IOT01/stm32l475e_iot01_qspi.c:400:11: error: request for member 'AlternateByteMode' in something not a structure or union
   sCommand.AlternateByteMode = QSPI_ALTERNATE_BYTES_NONE;
           ^
../Drivers/BSP/B-L475E-IOT01/stm32l475e_iot01_qspi.c:400:32: error: 'QSPI_ALTERNATE_BYTES_NONE' undeclared (first use in this function)
   sCommand.AlternateByteMode = QSPI_ALTERNATE_BYTES_NONE;
                                ^~~~~~~~~~~~~~~~~~~~~~~~~
../Drivers/BSP/B-L475E-IOT01/stm32l475e_iot01_qspi.c:401:11: error: request for member 'DataMode' in something not a structure or union
   sCommand.DataMode          = QSPI_DATA_NONE;
           ^
../Drivers/BSP/B-L475E-IOT01/stm32l475e_iot01_qspi.c:401:32: error: 'QSPI_DATA_NONE' undeclared (first use in this function); did you mean 'SPI_IT_RXNE'?
   sCommand.DataMode          = QSPI_DATA_NONE;
                                ^~~~~~~~~~~~~~
                                SPI_IT_RXNE
../Drivers/BSP/B-L475E-IOT01/stm32l475e_iot01_qspi.c:402:11: error: request for member 'DummyCycles' in something not a structure or union
   sCommand.DummyCycles       = 0;
           ^
../Drivers/BSP/B-L475E-IOT01/stm32l475e_iot01_qspi.c:403:11: error: request for member 'DdrMode' in something not a structure or union
   sCommand.DdrMode           = QSPI_DDR_MODE_DISABLE;
           ^
../Drivers/BSP/B-L475E-IOT01/stm32l475e_iot01_qspi.c:403:32: error: 'QSPI_DDR_MODE_DISABLE' undeclared (first use in this function); did you mean 'SPI_TIMODE_DISABLE'?
   sCommand.DdrMode           = QSPI_DDR_MODE_DISABLE;
                                ^~~~~~~~~~~~~~~~~~~~~
                                SPI_TIMODE_DISABLE
../Drivers/BSP/B-L475E-IOT01/stm32l475e_iot01_qspi.c:404:11: error: request for member 'DdrHoldHalfCycle' in something not a structure or union
   sCommand.DdrHoldHalfCycle  = QSPI_DDR_HHC_ANALOG_DELAY;
           ^
../Drivers/BSP/B-L475E-IOT01/stm32l475e_iot01_qspi.c:404:32: error: 'QSPI_DDR_HHC_ANALOG_DELAY' undeclared (first use in this function)
   sCommand.DdrHoldHalfCycle  = QSPI_DDR_HHC_ANALOG_DELAY;
                                ^~~~~~~~~~~~~~~~~~~~~~~~~
../Drivers/BSP/B-L475E-IOT01/stm32l475e_iot01_qspi.c:405:11: error: request for member 'SIOOMode' in something not a structure or union
   sCommand.SIOOMode          = QSPI_SIOO_INST_EVERY_CMD;
           ^
../Drivers/BSP/B-L475E-IOT01/stm32l475e_iot01_qspi.c:405:32: error: 'QSPI_SIOO_INST_EVERY_CMD' undeclared (first use in this function)
   sCommand.SIOOMode          = QSPI_SIOO_INST_EVERY_CMD;
                                ^~~~~~~~~~~~~~~~~~~~~~~~
../Drivers/BSP/B-L475E-IOT01/stm32l475e_iot01_qspi.c:414:48: error: 'HAL_QPSI_TIMEOUT_DEFAULT_VALUE' undeclared (first use in this function); did you mean 'HAL_UART_TIMEOUT_VALUE'?
   if (HAL_QSPI_Command(&QSPIHandle, &sCommand, HAL_QPSI_TIMEOUT_DEFAULT_VALUE) != HAL_OK)
                                                ^~~~~~~~~~~~~~~~~~~~~~~~~~~~~~
                                                HAL_UART_TIMEOUT_VALUE
../Drivers/BSP/B-L475E-IOT01/stm32l475e_iot01_qspi.c: In function 'BSP_QSPI_Erase_Chip':
../Drivers/BSP/B-L475E-IOT01/stm32l475e_iot01_qspi.c:428:3: error: unknown type name 'QSPI_CommandTypeDef'; did you mean 'COMP_Common_TypeDef'?
   QSPI_CommandTypeDef sCommand;
   ^~~~~~~~~~~~~~~~~~~
   COMP_Common_TypeDef
../Drivers/BSP/B-L475E-IOT01/stm32l475e_iot01_qspi.c:431:11: error: request for member 'InstructionMode' in something not a structure or union
   sCommand.InstructionMode   = QSPI_INSTRUCTION_1_LINE;
           ^
../Drivers/BSP/B-L475E-IOT01/stm32l475e_iot01_qspi.c:431:32: error: 'QSPI_INSTRUCTION_1_LINE' undeclared (first use in this function); did you mean 'SPI_DIRECTION_1LINE'?
   sCommand.InstructionMode   = QSPI_INSTRUCTION_1_LINE;
                                ^~~~~~~~~~~~~~~~~~~~~~~
                                SPI_DIRECTION_1LINE
../Drivers/BSP/B-L475E-IOT01/stm32l475e_iot01_qspi.c:432:11: error: request for member 'Instruction' in something not a structure or union
   sCommand.Instruction       = CHIP_ERASE_CMD;
           ^
../Drivers/BSP/B-L475E-IOT01/stm32l475e_iot01_qspi.c:433:11: error: request for member 'AddressMode' in something not a structure or union
   sCommand.AddressMode       = QSPI_ADDRESS_NONE;
           ^
../Drivers/BSP/B-L475E-IOT01/stm32l475e_iot01_qspi.c:433:32: error: 'QSPI_ADDRESS_NONE' undeclared (first use in this function)
   sCommand.AddressMode       = QSPI_ADDRESS_NONE;
                                ^~~~~~~~~~~~~~~~~
../Drivers/BSP/B-L475E-IOT01/stm32l475e_iot01_qspi.c:434:11: error: request for member 'AlternateByteMode' in something not a structure or union
   sCommand.AlternateByteMode = QSPI_ALTERNATE_BYTES_NONE;
           ^
../Drivers/BSP/B-L475E-IOT01/stm32l475e_iot01_qspi.c:434:32: error: 'QSPI_ALTERNATE_BYTES_NONE' undeclared (first use in this function); did you mean 'QSPI_ADDRESS_NONE'?
   sCommand.AlternateByteMode = QSPI_ALTERNATE_BYTES_NONE;
                                ^~~~~~~~~~~~~~~~~~~~~~~~~
                                QSPI_ADDRESS_NONE
../Drivers/BSP/B-L475E-IOT01/stm32l475e_iot01_qspi.c:435:11: error: request for member 'DataMode' in something not a structure or union
   sCommand.DataMode          = QSPI_DATA_NONE;
           ^
../Drivers/BSP/B-L475E-IOT01/stm32l475e_iot01_qspi.c:435:32: error: 'QSPI_DATA_NONE' undeclared (first use in this function); did you mean 'QSPI_ADDRESS_NONE'?
   sCommand.DataMode          = QSPI_DATA_NONE;
                                ^~~~~~~~~~~~~~
                                QSPI_ADDRESS_NONE
../Drivers/BSP/B-L475E-IOT01/stm32l475e_iot01_qspi.c:436:11: error: request for member 'DummyCycles' in something not a structure or union
   sCommand.DummyCycles       = 0;
           ^
../Drivers/BSP/B-L475E-IOT01/stm32l475e_iot01_qspi.c:437:11: error: request for member 'DdrMode' in something not a structure or union
   sCommand.DdrMode           = QSPI_DDR_MODE_DISABLE;
           ^
../Drivers/BSP/B-L475E-IOT01/stm32l475e_iot01_qspi.c:437:32: error: 'QSPI_DDR_MODE_DISABLE' undeclared (first use in this function); did you mean 'SPI_TIMODE_DISABLE'?
   sCommand.DdrMode           = QSPI_DDR_MODE_DISABLE;
                                ^~~~~~~~~~~~~~~~~~~~~
                                SPI_TIMODE_DISABLE
../Drivers/BSP/B-L475E-IOT01/stm32l475e_iot01_qspi.c:438:11: error: request for member 'DdrHoldHalfCycle' in something not a structure or union
   sCommand.DdrHoldHalfCycle  = QSPI_DDR_HHC_ANALOG_DELAY;
           ^
../Drivers/BSP/B-L475E-IOT01/stm32l475e_iot01_qspi.c:438:32: error: 'QSPI_DDR_HHC_ANALOG_DELAY' undeclared (first use in this function)
   sCommand.DdrHoldHalfCycle  = QSPI_DDR_HHC_ANALOG_DELAY;
                                ^~~~~~~~~~~~~~~~~~~~~~~~~
../Drivers/BSP/B-L475E-IOT01/stm32l475e_iot01_qspi.c:439:11: error: request for member 'SIOOMode' in something not a structure or union
   sCommand.SIOOMode          = QSPI_SIOO_INST_EVERY_CMD;
           ^
../Drivers/BSP/B-L475E-IOT01/stm32l475e_iot01_qspi.c:439:32: error: 'QSPI_SIOO_INST_EVERY_CMD' undeclared (first use in this function)
   sCommand.SIOOMode          = QSPI_SIOO_INST_EVERY_CMD;
                                ^~~~~~~~~~~~~~~~~~~~~~~~
../Drivers/BSP/B-L475E-IOT01/stm32l475e_iot01_qspi.c:448:48: error: 'HAL_QPSI_TIMEOUT_DEFAULT_VALUE' undeclared (first use in this function); did you mean 'HAL_UART_TIMEOUT_VALUE'?
   if (HAL_QSPI_Command(&QSPIHandle, &sCommand, HAL_QPSI_TIMEOUT_DEFAULT_VALUE) != HAL_OK)
                                                ^~~~~~~~~~~~~~~~~~~~~~~~~~~~~~
                                                HAL_UART_TIMEOUT_VALUE
../Drivers/BSP/B-L475E-IOT01/stm32l475e_iot01_qspi.c: In function 'BSP_QSPI_GetStatus':
../Drivers/BSP/B-L475E-IOT01/stm32l475e_iot01_qspi.c:468:3: error: unknown type name 'QSPI_CommandTypeDef'; did you mean 'COMP_Common_TypeDef'?
   QSPI_CommandTypeDef sCommand;
   ^~~~~~~~~~~~~~~~~~~
   COMP_Common_TypeDef
../Drivers/BSP/B-L475E-IOT01/stm32l475e_iot01_qspi.c:472:11: error: request for member 'InstructionMode' in something not a structure or union
   sCommand.InstructionMode   = QSPI_INSTRUCTION_1_LINE;
           ^
../Drivers/BSP/B-L475E-IOT01/stm32l475e_iot01_qspi.c:472:32: error: 'QSPI_INSTRUCTION_1_LINE' undeclared (first use in this function); did you mean 'SPI_DIRECTION_1LINE'?
   sCommand.InstructionMode   = QSPI_INSTRUCTION_1_LINE;
                                ^~~~~~~~~~~~~~~~~~~~~~~
                                SPI_DIRECTION_1LINE
../Drivers/BSP/B-L475E-IOT01/stm32l475e_iot01_qspi.c:473:11: error: request for member 'Instruction' in something not a structure or union
   sCommand.Instruction       = READ_SEC_REG_CMD;
           ^
../Drivers/BSP/B-L475E-IOT01/stm32l475e_iot01_qspi.c:474:11: error: request for member 'AddressMode' in something not a structure or union
   sCommand.AddressMode       = QSPI_ADDRESS_NONE;
           ^
../Drivers/BSP/B-L475E-IOT01/stm32l475e_iot01_qspi.c:474:32: error: 'QSPI_ADDRESS_NONE' undeclared (first use in this function)
   sCommand.AddressMode       = QSPI_ADDRESS_NONE;
                                ^~~~~~~~~~~~~~~~~
../Drivers/BSP/B-L475E-IOT01/stm32l475e_iot01_qspi.c:475:11: error: request for member 'AlternateByteMode' in something not a structure or union
   sCommand.AlternateByteMode = QSPI_ALTERNATE_BYTES_NONE;
           ^
../Drivers/BSP/B-L475E-IOT01/stm32l475e_iot01_qspi.c:475:32: error: 'QSPI_ALTERNATE_BYTES_NONE' undeclared (first use in this function); did you mean 'QSPI_ADDRESS_NONE'?
   sCommand.AlternateByteMode = QSPI_ALTERNATE_BYTES_NONE;
                                ^~~~~~~~~~~~~~~~~~~~~~~~~
                                QSPI_ADDRESS_NONE
../Drivers/BSP/B-L475E-IOT01/stm32l475e_iot01_qspi.c:476:11: error: request for member 'DataMode' in something not a structure or union
   sCommand.DataMode          = QSPI_DATA_1_LINE;
           ^
../Drivers/BSP/B-L475E-IOT01/stm32l475e_iot01_qspi.c:476:32: error: 'QSPI_DATA_1_LINE' undeclared (first use in this function); did you mean 'QSPI_ADDRESS_NONE'?
   sCommand.DataMode          = QSPI_DATA_1_LINE;
                                ^~~~~~~~~~~~~~~~
                                QSPI_ADDRESS_NONE
../Drivers/BSP/B-L475E-IOT01/stm32l475e_iot01_qspi.c:477:11: error: request for member 'DummyCycles' in something not a structure or union
   sCommand.DummyCycles       = 0;
           ^
../Drivers/BSP/B-L475E-IOT01/stm32l475e_iot01_qspi.c:478:11: error: request for member 'NbData' in something not a structure or union
   sCommand.NbData            = 1;
           ^
../Drivers/BSP/B-L475E-IOT01/stm32l475e_iot01_qspi.c:479:11: error: request for member 'DdrMode' in something not a structure or union
   sCommand.DdrMode           = QSPI_DDR_MODE_DISABLE;
           ^
../Drivers/BSP/B-L475E-IOT01/stm32l475e_iot01_qspi.c:479:32: error: 'QSPI_DDR_MODE_DISABLE' undeclared (first use in this function); did you mean 'SPI_TIMODE_DISABLE'?
   sCommand.DdrMode           = QSPI_DDR_MODE_DISABLE;
                                ^~~~~~~~~~~~~~~~~~~~~
                                SPI_TIMODE_DISABLE
../Drivers/BSP/B-L475E-IOT01/stm32l475e_iot01_qspi.c:480:11: error: request for member 'DdrHoldHalfCycle' in something not a structure or union
   sCommand.DdrHoldHalfCycle  = QSPI_DDR_HHC_ANALOG_DELAY;
           ^
../Drivers/BSP/B-L475E-IOT01/stm32l475e_iot01_qspi.c:480:32: error: 'QSPI_DDR_HHC_ANALOG_DELAY' undeclared (first use in this function)
   sCommand.DdrHoldHalfCycle  = QSPI_DDR_HHC_ANALOG_DELAY;
                                ^~~~~~~~~~~~~~~~~~~~~~~~~
../Drivers/BSP/B-L475E-IOT01/stm32l475e_iot01_qspi.c:481:11: error: request for member 'SIOOMode' in something not a structure or union
   sCommand.SIOOMode          = QSPI_SIOO_INST_EVERY_CMD;
           ^
../Drivers/BSP/B-L475E-IOT01/stm32l475e_iot01_qspi.c:481:32: error: 'QSPI_SIOO_INST_EVERY_CMD' undeclared (first use in this function)
   sCommand.SIOOMode          = QSPI_SIOO_INST_EVERY_CMD;
                                ^~~~~~~~~~~~~~~~~~~~~~~~
../Drivers/BSP/B-L475E-IOT01/stm32l475e_iot01_qspi.c:484:48: error: 'HAL_QPSI_TIMEOUT_DEFAULT_VALUE' undeclared (first use in this function); did you mean 'HAL_UART_TIMEOUT_VALUE'?
   if (HAL_QSPI_Command(&QSPIHandle, &sCommand, HAL_QPSI_TIMEOUT_DEFAULT_VALUE) != HAL_OK)
                                                ^~~~~~~~~~~~~~~~~~~~~~~~~~~~~~
                                                HAL_UART_TIMEOUT_VALUE
../Drivers/BSP/B-L475E-IOT01/stm32l475e_iot01_qspi.c:506:11: error: request for member 'Instruction' in something not a structure or union
   sCommand.Instruction       = READ_STATUS_REG_CMD;
           ^
../Drivers/BSP/B-L475E-IOT01/stm32l475e_iot01_qspi.c: In function 'BSP_QSPI_EnableMemoryMappedMode':
../Drivers/BSP/B-L475E-IOT01/stm32l475e_iot01_qspi.c:554:3: error: unknown type name 'QSPI_CommandTypeDef'; did you mean 'COMP_Common_TypeDef'?
   QSPI_CommandTypeDef      sCommand;
   ^~~~~~~~~~~~~~~~~~~
   COMP_Common_TypeDef
../Drivers/BSP/B-L475E-IOT01/stm32l475e_iot01_qspi.c:555:3: error: unknown type name 'QSPI_MemoryMappedTypeDef'; did you mean 'SPI_HandleTypeDef'?
   QSPI_MemoryMappedTypeDef sMemMappedCfg;
   ^~~~~~~~~~~~~~~~~~~~~~~~
   SPI_HandleTypeDef
../Drivers/BSP/B-L475E-IOT01/stm32l475e_iot01_qspi.c:558:11: error: request for member 'InstructionMode' in something not a structure or union
   sCommand.InstructionMode    = QSPI_INSTRUCTION_1_LINE;
           ^
../Drivers/BSP/B-L475E-IOT01/stm32l475e_iot01_qspi.c:558:33: error: 'QSPI_INSTRUCTION_1_LINE' undeclared (first use in this function); did you mean 'SPI_DIRECTION_1LINE'?
   sCommand.InstructionMode    = QSPI_INSTRUCTION_1_LINE;
                                 ^~~~~~~~~~~~~~~~~~~~~~~
                                 SPI_DIRECTION_1LINE
../Drivers/BSP/B-L475E-IOT01/stm32l475e_iot01_qspi.c:559:11: error: request for member 'Instruction' in something not a structure or union
   sCommand.Instruction        = QUAD_INOUT_READ_CMD;
           ^
../Drivers/BSP/B-L475E-IOT01/stm32l475e_iot01_qspi.c:560:11: error: request for member 'AddressMode' in something not a structure or union
   sCommand.AddressMode        = QSPI_ADDRESS_4_LINES;
           ^
../Drivers/BSP/B-L475E-IOT01/stm32l475e_iot01_qspi.c:560:33: error: 'QSPI_ADDRESS_4_LINES' undeclared (first use in this function); did you mean 'SPI_DIRECTION_2LINES'?
   sCommand.AddressMode        = QSPI_ADDRESS_4_LINES;
                                 ^~~~~~~~~~~~~~~~~~~~
                                 SPI_DIRECTION_2LINES
../Drivers/BSP/B-L475E-IOT01/stm32l475e_iot01_qspi.c:561:11: error: request for member 'AddressSize' in something not a structure or union
   sCommand.AddressSize        = QSPI_ADDRESS_24_BITS;
           ^
../Drivers/BSP/B-L475E-IOT01/stm32l475e_iot01_qspi.c:561:33: error: 'QSPI_ADDRESS_24_BITS' undeclared (first use in this function); did you mean 'QSPI_ADDRESS_4_LINES'?
   sCommand.AddressSize        = QSPI_ADDRESS_24_BITS;
                                 ^~~~~~~~~~~~~~~~~~~~
                                 QSPI_ADDRESS_4_LINES
../Drivers/BSP/B-L475E-IOT01/stm32l475e_iot01_qspi.c:562:11: error: request for member 'AlternateByteMode' in something not a structure or union
   sCommand.AlternateByteMode  = QSPI_ALTERNATE_BYTES_4_LINES;
           ^
../Drivers/BSP/B-L475E-IOT01/stm32l475e_iot01_qspi.c:562:33: error: 'QSPI_ALTERNATE_BYTES_4_LINES' undeclared (first use in this function); did you mean 'QSPI_ADDRESS_4_LINES'?
   sCommand.AlternateByteMode  = QSPI_ALTERNATE_BYTES_4_LINES;
                                 ^~~~~~~~~~~~~~~~~~~~~~~~~~~~
                                 QSPI_ADDRESS_4_LINES
../Drivers/BSP/B-L475E-IOT01/stm32l475e_iot01_qspi.c:563:11: error: request for member 'AlternateBytesSize' in something not a structure or union
   sCommand.AlternateBytesSize = QSPI_ALTERNATE_BYTES_8_BITS;
           ^
../Drivers/BSP/B-L475E-IOT01/stm32l475e_iot01_qspi.c:563:33: error: 'QSPI_ALTERNATE_BYTES_8_BITS' undeclared (first use in this function); did you mean 'QSPI_ALTERNATE_BYTES_4_LINES'?
   sCommand.AlternateBytesSize = QSPI_ALTERNATE_BYTES_8_BITS;
                                 ^~~~~~~~~~~~~~~~~~~~~~~~~~~
                                 QSPI_ALTERNATE_BYTES_4_LINES
../Drivers/BSP/B-L475E-IOT01/stm32l475e_iot01_qspi.c:564:11: error: request for member 'AlternateBytes' in something not a structure or union
   sCommand.AlternateBytes     = MX25R6435F_ALT_BYTES_NO_PE_MODE;
           ^
../Drivers/BSP/B-L475E-IOT01/stm32l475e_iot01_qspi.c:565:11: error: request for member 'DataMode' in something not a structure or union
   sCommand.DataMode           = QSPI_DATA_4_LINES;
           ^
../Drivers/BSP/B-L475E-IOT01/stm32l475e_iot01_qspi.c:565:33: error: 'QSPI_DATA_4_LINES' undeclared (first use in this function); did you mean 'QSPI_ADDRESS_4_LINES'?
   sCommand.DataMode           = QSPI_DATA_4_LINES;
                                 ^~~~~~~~~~~~~~~~~
                                 QSPI_ADDRESS_4_LINES
../Drivers/BSP/B-L475E-IOT01/stm32l475e_iot01_qspi.c:566:11: error: request for member 'DummyCycles' in something not a structure or union
   sCommand.DummyCycles        = MX25R6435F_DUMMY_CYCLES_READ_QUAD;
           ^
../Drivers/BSP/B-L475E-IOT01/stm32l475e_iot01_qspi.c:567:11: error: request for member 'DdrMode' in something not a structure or union
   sCommand.DdrMode            = QSPI_DDR_MODE_DISABLE;
           ^
../Drivers/BSP/B-L475E-IOT01/stm32l475e_iot01_qspi.c:567:33: error: 'QSPI_DDR_MODE_DISABLE' undeclared (first use in this function); did you mean 'SPI_TIMODE_DISABLE'?
   sCommand.DdrMode            = QSPI_DDR_MODE_DISABLE;
                                 ^~~~~~~~~~~~~~~~~~~~~
                                 SPI_TIMODE_DISABLE
../Drivers/BSP/B-L475E-IOT01/stm32l475e_iot01_qspi.c:568:11: error: request for member 'DdrHoldHalfCycle' in something not a structure or union
   sCommand.DdrHoldHalfCycle   = QSPI_DDR_HHC_ANALOG_DELAY;
           ^
../Drivers/BSP/B-L475E-IOT01/stm32l475e_iot01_qspi.c:568:33: error: 'QSPI_DDR_HHC_ANALOG_DELAY' undeclared (first use in this function)
   sCommand.DdrHoldHalfCycle   = QSPI_DDR_HHC_ANALOG_DELAY;
                                 ^~~~~~~~~~~~~~~~~~~~~~~~~
../Drivers/BSP/B-L475E-IOT01/stm32l475e_iot01_qspi.c:569:11: error: request for member 'SIOOMode' in something not a structure or union
   sCommand.SIOOMode           = QSPI_SIOO_INST_EVERY_CMD;
           ^
../Drivers/BSP/B-L475E-IOT01/stm32l475e_iot01_qspi.c:569:33: error: 'QSPI_SIOO_INST_EVERY_CMD' undeclared (first use in this function)
   sCommand.SIOOMode           = QSPI_SIOO_INST_EVERY_CMD;
                                 ^~~~~~~~~~~~~~~~~~~~~~~~
../Drivers/BSP/B-L475E-IOT01/stm32l475e_iot01_qspi.c:572:16: error: request for member 'TimeOutActivation' in something not a structure or union
   sMemMappedCfg.TimeOutActivation = QSPI_TIMEOUT_COUNTER_DISABLE;
                ^
../Drivers/BSP/B-L475E-IOT01/stm32l475e_iot01_qspi.c:572:37: error: 'QSPI_TIMEOUT_COUNTER_DISABLE' undeclared (first use in this function); did you mean 'SPI_TIMODE_DISABLE'?
   sMemMappedCfg.TimeOutActivation = QSPI_TIMEOUT_COUNTER_DISABLE;
                                     ^~~~~~~~~~~~~~~~~~~~~~~~~~~~
                                     SPI_TIMODE_DISABLE
../Drivers/BSP/B-L475E-IOT01/stm32l475e_iot01_qspi.c:574:7: warning: implicit declaration of function 'HAL_QSPI_MemoryMapped'; did you mean 'HAL_SPI_GetState'? [-Wimplicit-function-declaration]
   if (HAL_QSPI_MemoryMapped(&QSPIHandle, &sCommand, &sMemMappedCfg) != HAL_OK)
       ^~~~~~~~~~~~~~~~~~~~~
       HAL_SPI_GetState
../Drivers/BSP/B-L475E-IOT01/stm32l475e_iot01_qspi.c: In function 'BSP_QSPI_SuspendErase':
../Drivers/BSP/B-L475E-IOT01/stm32l475e_iot01_qspi.c:588:3: error: unknown type name 'QSPI_CommandTypeDef'; did you mean 'COMP_Common_TypeDef'?
   QSPI_CommandTypeDef sCommand;
   ^~~~~~~~~~~~~~~~~~~
   COMP_Common_TypeDef
../Drivers/BSP/B-L475E-IOT01/stm32l475e_iot01_qspi.c:596:13: error: request for member 'InstructionMode' in something not a structure or union
     sCommand.InstructionMode   = QSPI_INSTRUCTION_1_LINE;
             ^
../Drivers/BSP/B-L475E-IOT01/stm32l475e_iot01_qspi.c:596:34: error: 'QSPI_INSTRUCTION_1_LINE' undeclared (first use in this function); did you mean 'SPI_DIRECTION_1LINE'?
     sCommand.InstructionMode   = QSPI_INSTRUCTION_1_LINE;
                                  ^~~~~~~~~~~~~~~~~~~~~~~
                                  SPI_DIRECTION_1LINE
../Drivers/BSP/B-L475E-IOT01/stm32l475e_iot01_qspi.c:597:13: error: request for member 'Instruction' in something not a structure or union
     sCommand.Instruction       = PROG_ERASE_SUSPEND_CMD;
             ^
../Drivers/BSP/B-L475E-IOT01/stm32l475e_iot01_qspi.c:598:13: error: request for member 'AddressMode' in something not a structure or union
     sCommand.AddressMode       = QSPI_ADDRESS_NONE;
             ^
../Drivers/BSP/B-L475E-IOT01/stm32l475e_iot01_qspi.c:598:34: error: 'QSPI_ADDRESS_NONE' undeclared (first use in this function)
     sCommand.AddressMode       = QSPI_ADDRESS_NONE;
                                  ^~~~~~~~~~~~~~~~~
../Drivers/BSP/B-L475E-IOT01/stm32l475e_iot01_qspi.c:599:13: error: request for member 'AlternateByteMode' in something not a structure or union
     sCommand.AlternateByteMode = QSPI_ALTERNATE_BYTES_NONE;
             ^
../Drivers/BSP/B-L475E-IOT01/stm32l475e_iot01_qspi.c:599:34: error: 'QSPI_ALTERNATE_BYTES_NONE' undeclared (first use in this function); did you mean 'QSPI_ADDRESS_NONE'?
     sCommand.AlternateByteMode = QSPI_ALTERNATE_BYTES_NONE;
                                  ^~~~~~~~~~~~~~~~~~~~~~~~~
                                  QSPI_ADDRESS_NONE
../Drivers/BSP/B-L475E-IOT01/stm32l475e_iot01_qspi.c:600:13: error: request for member 'DataMode' in something not a structure or union
     sCommand.DataMode          = QSPI_DATA_NONE;
             ^
../Drivers/BSP/B-L475E-IOT01/stm32l475e_iot01_qspi.c:600:34: error: 'QSPI_DATA_NONE' undeclared (first use in this function); did you mean 'QSPI_ADDRESS_NONE'?
     sCommand.DataMode          = QSPI_DATA_NONE;
                                  ^~~~~~~~~~~~~~
                                  QSPI_ADDRESS_NONE
../Drivers/BSP/B-L475E-IOT01/stm32l475e_iot01_qspi.c:601:13: error: request for member 'DummyCycles' in something not a structure or union
     sCommand.DummyCycles       = 0;
             ^
../Drivers/BSP/B-L475E-IOT01/stm32l475e_iot01_qspi.c:602:13: error: request for member 'DdrMode' in something not a structure or union
     sCommand.DdrMode           = QSPI_DDR_MODE_DISABLE;
             ^
../Drivers/BSP/B-L475E-IOT01/stm32l475e_iot01_qspi.c:602:34: error: 'QSPI_DDR_MODE_DISABLE' undeclared (first use in this function); did you mean 'SPI_TIMODE_DISABLE'?
     sCommand.DdrMode           = QSPI_DDR_MODE_DISABLE;
                                  ^~~~~~~~~~~~~~~~~~~~~
                                  SPI_TIMODE_DISABLE
../Drivers/BSP/B-L475E-IOT01/stm32l475e_iot01_qspi.c:603:13: error: request for member 'DdrHoldHalfCycle' in something not a structure or union
     sCommand.DdrHoldHalfCycle  = QSPI_DDR_HHC_ANALOG_DELAY;
             ^
../Drivers/BSP/B-L475E-IOT01/stm32l475e_iot01_qspi.c:603:34: error: 'QSPI_DDR_HHC_ANALOG_DELAY' undeclared (first use in this function)
     sCommand.DdrHoldHalfCycle  = QSPI_DDR_HHC_ANALOG_DELAY;
                                  ^~~~~~~~~~~~~~~~~~~~~~~~~
../Drivers/BSP/B-L475E-IOT01/stm32l475e_iot01_qspi.c:604:13: error: request for member 'SIOOMode' in something not a structure or union
     sCommand.SIOOMode          = QSPI_SIOO_INST_EVERY_CMD;
             ^
../Drivers/BSP/B-L475E-IOT01/stm32l475e_iot01_qspi.c:604:34: error: 'QSPI_SIOO_INST_EVERY_CMD' undeclared (first use in this function)
     sCommand.SIOOMode          = QSPI_SIOO_INST_EVERY_CMD;
                                  ^~~~~~~~~~~~~~~~~~~~~~~~
../Drivers/BSP/B-L475E-IOT01/stm32l475e_iot01_qspi.c:607:50: error: 'HAL_QPSI_TIMEOUT_DEFAULT_VALUE' undeclared (first use in this function); did you mean 'HAL_UART_TIMEOUT_VALUE'?
     if (HAL_QSPI_Command(&QSPIHandle, &sCommand, HAL_QPSI_TIMEOUT_DEFAULT_VALUE) != HAL_OK)
                                                  ^~~~~~~~~~~~~~~~~~~~~~~~~~~~~~
                                                  HAL_UART_TIMEOUT_VALUE
../Drivers/BSP/B-L475E-IOT01/stm32l475e_iot01_qspi.c: In function 'BSP_QSPI_ResumeErase':
../Drivers/BSP/B-L475E-IOT01/stm32l475e_iot01_qspi.c:629:3: error: unknown type name 'QSPI_CommandTypeDef'; did you mean 'COMP_Common_TypeDef'?
   QSPI_CommandTypeDef sCommand;
   ^~~~~~~~~~~~~~~~~~~
   COMP_Common_TypeDef
../Drivers/BSP/B-L475E-IOT01/stm32l475e_iot01_qspi.c:635:13: error: request for member 'InstructionMode' in something not a structure or union
     sCommand.InstructionMode   = QSPI_INSTRUCTION_1_LINE;
             ^
../Drivers/BSP/B-L475E-IOT01/stm32l475e_iot01_qspi.c:635:34: error: 'QSPI_INSTRUCTION_1_LINE' undeclared (first use in this function); did you mean 'SPI_DIRECTION_1LINE'?
     sCommand.InstructionMode   = QSPI_INSTRUCTION_1_LINE;
                                  ^~~~~~~~~~~~~~~~~~~~~~~
                                  SPI_DIRECTION_1LINE
../Drivers/BSP/B-L475E-IOT01/stm32l475e_iot01_qspi.c:636:13: error: request for member 'Instruction' in something not a structure or union
     sCommand.Instruction       = PROG_ERASE_RESUME_CMD;
             ^
../Drivers/BSP/B-L475E-IOT01/stm32l475e_iot01_qspi.c:637:13: error: request for member 'AddressMode' in something not a structure or union
     sCommand.AddressMode       = QSPI_ADDRESS_NONE;
             ^
../Drivers/BSP/B-L475E-IOT01/stm32l475e_iot01_qspi.c:637:34: error: 'QSPI_ADDRESS_NONE' undeclared (first use in this function)
     sCommand.AddressMode       = QSPI_ADDRESS_NONE;
                                  ^~~~~~~~~~~~~~~~~
../Drivers/BSP/B-L475E-IOT01/stm32l475e_iot01_qspi.c:638:13: error: request for member 'AlternateByteMode' in something not a structure or union
     sCommand.AlternateByteMode = QSPI_ALTERNATE_BYTES_NONE;
             ^
../Drivers/BSP/B-L475E-IOT01/stm32l475e_iot01_qspi.c:638:34: error: 'QSPI_ALTERNATE_BYTES_NONE' undeclared (first use in this function); did you mean 'QSPI_ADDRESS_NONE'?
     sCommand.AlternateByteMode = QSPI_ALTERNATE_BYTES_NONE;
                                  ^~~~~~~~~~~~~~~~~~~~~~~~~
                                  QSPI_ADDRESS_NONE
../Drivers/BSP/B-L475E-IOT01/stm32l475e_iot01_qspi.c:639:13: error: request for member 'DataMode' in something not a structure or union
     sCommand.DataMode          = QSPI_DATA_NONE;
             ^
../Drivers/BSP/B-L475E-IOT01/stm32l475e_iot01_qspi.c:639:34: error: 'QSPI_DATA_NONE' undeclared (first use in this function); did you mean 'QSPI_ADDRESS_NONE'?
     sCommand.DataMode          = QSPI_DATA_NONE;
                                  ^~~~~~~~~~~~~~
                                  QSPI_ADDRESS_NONE
../Drivers/BSP/B-L475E-IOT01/stm32l475e_iot01_qspi.c:640:13: error: request for member 'DummyCycles' in something not a structure or union
     sCommand.DummyCycles       = 0;
             ^
../Drivers/BSP/B-L475E-IOT01/stm32l475e_iot01_qspi.c:641:13: error: request for member 'DdrMode' in something not a structure or union
     sCommand.DdrMode           = QSPI_DDR_MODE_DISABLE;
             ^
../Drivers/BSP/B-L475E-IOT01/stm32l475e_iot01_qspi.c:641:34: error: 'QSPI_DDR_MODE_DISABLE' undeclared (first use in this function); did you mean 'SPI_TIMODE_DISABLE'?
     sCommand.DdrMode           = QSPI_DDR_MODE_DISABLE;
                                  ^~~~~~~~~~~~~~~~~~~~~
                                  SPI_TIMODE_DISABLE
../Drivers/BSP/B-L475E-IOT01/stm32l475e_iot01_qspi.c:642:13: error: request for member 'DdrHoldHalfCycle' in something not a structure or union
     sCommand.DdrHoldHalfCycle  = QSPI_DDR_HHC_ANALOG_DELAY;
             ^
../Drivers/BSP/B-L475E-IOT01/stm32l475e_iot01_qspi.c:642:34: error: 'QSPI_DDR_HHC_ANALOG_DELAY' undeclared (first use in this function)
     sCommand.DdrHoldHalfCycle  = QSPI_DDR_HHC_ANALOG_DELAY;
                                  ^~~~~~~~~~~~~~~~~~~~~~~~~
../Drivers/BSP/B-L475E-IOT01/stm32l475e_iot01_qspi.c:643:13: error: request for member 'SIOOMode' in something not a structure or union
     sCommand.SIOOMode          = QSPI_SIOO_INST_EVERY_CMD;
             ^
../Drivers/BSP/B-L475E-IOT01/stm32l475e_iot01_qspi.c:643:34: error: 'QSPI_SIOO_INST_EVERY_CMD' undeclared (first use in this function)
     sCommand.SIOOMode          = QSPI_SIOO_INST_EVERY_CMD;
                                  ^~~~~~~~~~~~~~~~~~~~~~~~
../Drivers/BSP/B-L475E-IOT01/stm32l475e_iot01_qspi.c:646:50: error: 'HAL_QPSI_TIMEOUT_DEFAULT_VALUE' undeclared (first use in this function); did you mean 'HAL_UART_TIMEOUT_VALUE'?
     if (HAL_QSPI_Command(&QSPIHandle, &sCommand, HAL_QPSI_TIMEOUT_DEFAULT_VALUE) != HAL_OK)
                                                  ^~~~~~~~~~~~~~~~~~~~~~~~~~~~~~
                                                  HAL_UART_TIMEOUT_VALUE
../Drivers/BSP/B-L475E-IOT01/stm32l475e_iot01_qspi.c: In function 'BSP_QSPI_EnterDeepPowerDown':
../Drivers/BSP/B-L475E-IOT01/stm32l475e_iot01_qspi.c:674:3: error: unknown type name 'QSPI_CommandTypeDef'; did you mean 'COMP_Common_TypeDef'?
   QSPI_CommandTypeDef sCommand;
   ^~~~~~~~~~~~~~~~~~~
   COMP_Common_TypeDef
../Drivers/BSP/B-L475E-IOT01/stm32l475e_iot01_qspi.c:677:11: error: request for member 'InstructionMode' in something not a structure or union
   sCommand.InstructionMode   = QSPI_INSTRUCTION_1_LINE;
           ^
../Drivers/BSP/B-L475E-IOT01/stm32l475e_iot01_qspi.c:677:32: error: 'QSPI_INSTRUCTION_1_LINE' undeclared (first use in this function); did you mean 'SPI_DIRECTION_1LINE'?
   sCommand.InstructionMode   = QSPI_INSTRUCTION_1_LINE;
                                ^~~~~~~~~~~~~~~~~~~~~~~
                                SPI_DIRECTION_1LINE
../Drivers/BSP/B-L475E-IOT01/stm32l475e_iot01_qspi.c:678:11: error: request for member 'Instruction' in something not a structure or union
   sCommand.Instruction       = DEEP_POWER_DOWN_CMD;
           ^
../Drivers/BSP/B-L475E-IOT01/stm32l475e_iot01_qspi.c:679:11: error: request for member 'AddressMode' in something not a structure or union
   sCommand.AddressMode       = QSPI_ADDRESS_NONE;
           ^
../Drivers/BSP/B-L475E-IOT01/stm32l475e_iot01_qspi.c:679:32: error: 'QSPI_ADDRESS_NONE' undeclared (first use in this function)
   sCommand.AddressMode       = QSPI_ADDRESS_NONE;
                                ^~~~~~~~~~~~~~~~~
../Drivers/BSP/B-L475E-IOT01/stm32l475e_iot01_qspi.c:680:11: error: request for member 'AlternateByteMode' in something not a structure or union
   sCommand.AlternateByteMode = QSPI_ALTERNATE_BYTES_NONE;
           ^
../Drivers/BSP/B-L475E-IOT01/stm32l475e_iot01_qspi.c:680:32: error: 'QSPI_ALTERNATE_BYTES_NONE' undeclared (first use in this function); did you mean 'QSPI_ADDRESS_NONE'?
   sCommand.AlternateByteMode = QSPI_ALTERNATE_BYTES_NONE;
                                ^~~~~~~~~~~~~~~~~~~~~~~~~
                                QSPI_ADDRESS_NONE
../Drivers/BSP/B-L475E-IOT01/stm32l475e_iot01_qspi.c:681:11: error: request for member 'DataMode' in something not a structure or union
   sCommand.DataMode          = QSPI_DATA_NONE;
           ^
../Drivers/BSP/B-L475E-IOT01/stm32l475e_iot01_qspi.c:681:32: error: 'QSPI_DATA_NONE' undeclared (first use in this function); did you mean 'QSPI_ADDRESS_NONE'?
   sCommand.DataMode          = QSPI_DATA_NONE;
                                ^~~~~~~~~~~~~~
                                QSPI_ADDRESS_NONE
../Drivers/BSP/B-L475E-IOT01/stm32l475e_iot01_qspi.c:682:11: error: request for member 'DummyCycles' in something not a structure or union
   sCommand.DummyCycles       = 0;
           ^
../Drivers/BSP/B-L475E-IOT01/stm32l475e_iot01_qspi.c:683:11: error: request for member 'DdrMode' in something not a structure or union
   sCommand.DdrMode           = QSPI_DDR_MODE_DISABLE;
           ^
../Drivers/BSP/B-L475E-IOT01/stm32l475e_iot01_qspi.c:683:32: error: 'QSPI_DDR_MODE_DISABLE' undeclared (first use in this function); did you mean 'SPI_TIMODE_DISABLE'?
   sCommand.DdrMode           = QSPI_DDR_MODE_DISABLE;
                                ^~~~~~~~~~~~~~~~~~~~~
                                SPI_TIMODE_DISABLE
../Drivers/BSP/B-L475E-IOT01/stm32l475e_iot01_qspi.c:684:11: error: request for member 'DdrHoldHalfCycle' in something not a structure or union
   sCommand.DdrHoldHalfCycle  = QSPI_DDR_HHC_ANALOG_DELAY;
           ^
../Drivers/BSP/B-L475E-IOT01/stm32l475e_iot01_qspi.c:684:32: error: 'QSPI_DDR_HHC_ANALOG_DELAY' undeclared (first use in this function)
   sCommand.DdrHoldHalfCycle  = QSPI_DDR_HHC_ANALOG_DELAY;
                                ^~~~~~~~~~~~~~~~~~~~~~~~~
../Drivers/BSP/B-L475E-IOT01/stm32l475e_iot01_qspi.c:685:11: error: request for member 'SIOOMode' in something not a structure or union
   sCommand.SIOOMode          = QSPI_SIOO_INST_EVERY_CMD;
           ^
../Drivers/BSP/B-L475E-IOT01/stm32l475e_iot01_qspi.c:685:32: error: 'QSPI_SIOO_INST_EVERY_CMD' undeclared (first use in this function)
   sCommand.SIOOMode          = QSPI_SIOO_INST_EVERY_CMD;
                                ^~~~~~~~~~~~~~~~~~~~~~~~
../Drivers/BSP/B-L475E-IOT01/stm32l475e_iot01_qspi.c:688:48: error: 'HAL_QPSI_TIMEOUT_DEFAULT_VALUE' undeclared (first use in this function); did you mean 'HAL_UART_TIMEOUT_VALUE'?
   if (HAL_QSPI_Command(&QSPIHandle, &sCommand, HAL_QPSI_TIMEOUT_DEFAULT_VALUE) != HAL_OK)
                                                ^~~~~~~~~~~~~~~~~~~~~~~~~~~~~~
                                                HAL_UART_TIMEOUT_VALUE
../Drivers/BSP/B-L475E-IOT01/stm32l475e_iot01_qspi.c: In function 'BSP_QSPI_LeaveDeepPowerDown':
../Drivers/BSP/B-L475E-IOT01/stm32l475e_iot01_qspi.c:705:3: error: unknown type name 'QSPI_CommandTypeDef'; did you mean 'COMP_Common_TypeDef'?
   QSPI_CommandTypeDef sCommand;
   ^~~~~~~~~~~~~~~~~~~
   COMP_Common_TypeDef
../Drivers/BSP/B-L475E-IOT01/stm32l475e_iot01_qspi.c:708:11: error: request for member 'InstructionMode' in something not a structure or union
   sCommand.InstructionMode   = QSPI_INSTRUCTION_1_LINE;
           ^
../Drivers/BSP/B-L475E-IOT01/stm32l475e_iot01_qspi.c:708:32: error: 'QSPI_INSTRUCTION_1_LINE' undeclared (first use in this function); did you mean 'SPI_DIRECTION_1LINE'?
   sCommand.InstructionMode   = QSPI_INSTRUCTION_1_LINE;
                                ^~~~~~~~~~~~~~~~~~~~~~~
                                SPI_DIRECTION_1LINE
../Drivers/BSP/B-L475E-IOT01/stm32l475e_iot01_qspi.c:709:11: error: request for member 'Instruction' in something not a structure or union
   sCommand.Instruction       = NO_OPERATION_CMD;
           ^
../Drivers/BSP/B-L475E-IOT01/stm32l475e_iot01_qspi.c:710:11: error: request for member 'AddressMode' in something not a structure or union
   sCommand.AddressMode       = QSPI_ADDRESS_NONE;
           ^
../Drivers/BSP/B-L475E-IOT01/stm32l475e_iot01_qspi.c:710:32: error: 'QSPI_ADDRESS_NONE' undeclared (first use in this function)
   sCommand.AddressMode       = QSPI_ADDRESS_NONE;
                                ^~~~~~~~~~~~~~~~~
../Drivers/BSP/B-L475E-IOT01/stm32l475e_iot01_qspi.c:711:11: error: request for member 'AlternateByteMode' in something not a structure or union
   sCommand.AlternateByteMode = QSPI_ALTERNATE_BYTES_NONE;
           ^
../Drivers/BSP/B-L475E-IOT01/stm32l475e_iot01_qspi.c:711:32: error: 'QSPI_ALTERNATE_BYTES_NONE' undeclared (first use in this function); did you mean 'QSPI_ADDRESS_NONE'?
   sCommand.AlternateByteMode = QSPI_ALTERNATE_BYTES_NONE;
                                ^~~~~~~~~~~~~~~~~~~~~~~~~
                                QSPI_ADDRESS_NONE
../Drivers/BSP/B-L475E-IOT01/stm32l475e_iot01_qspi.c:712:11: error: request for member 'DataMode' in something not a structure or union
   sCommand.DataMode          = QSPI_DATA_NONE;
           ^
../Drivers/BSP/B-L475E-IOT01/stm32l475e_iot01_qspi.c:712:32: error: 'QSPI_DATA_NONE' undeclared (first use in this function); did you mean 'QSPI_ADDRESS_NONE'?
   sCommand.DataMode          = QSPI_DATA_NONE;
                                ^~~~~~~~~~~~~~
                                QSPI_ADDRESS_NONE
../Drivers/BSP/B-L475E-IOT01/stm32l475e_iot01_qspi.c:713:11: error: request for member 'DummyCycles' in something not a structure or union
   sCommand.DummyCycles       = 0;
           ^
../Drivers/BSP/B-L475E-IOT01/stm32l475e_iot01_qspi.c:714:11: error: request for member 'DdrMode' in something not a structure or union
   sCommand.DdrMode           = QSPI_DDR_MODE_DISABLE;
           ^
../Drivers/BSP/B-L475E-IOT01/stm32l475e_iot01_qspi.c:714:32: error: 'QSPI_DDR_MODE_DISABLE' undeclared (first use in this function); did you mean 'SPI_TIMODE_DISABLE'?
   sCommand.DdrMode           = QSPI_DDR_MODE_DISABLE;
                                ^~~~~~~~~~~~~~~~~~~~~
                                SPI_TIMODE_DISABLE
../Drivers/BSP/B-L475E-IOT01/stm32l475e_iot01_qspi.c:715:11: error: request for member 'DdrHoldHalfCycle' in something not a structure or union
   sCommand.DdrHoldHalfCycle  = QSPI_DDR_HHC_ANALOG_DELAY;
           ^
../Drivers/BSP/B-L475E-IOT01/stm32l475e_iot01_qspi.c:715:32: error: 'QSPI_DDR_HHC_ANALOG_DELAY' undeclared (first use in this function)
   sCommand.DdrHoldHalfCycle  = QSPI_DDR_HHC_ANALOG_DELAY;
                                ^~~~~~~~~~~~~~~~~~~~~~~~~
../Drivers/BSP/B-L475E-IOT01/stm32l475e_iot01_qspi.c:716:11: error: request for member 'SIOOMode' in something not a structure or union
   sCommand.SIOOMode          = QSPI_SIOO_INST_EVERY_CMD;
           ^
../Drivers/BSP/B-L475E-IOT01/stm32l475e_iot01_qspi.c:716:32: error: 'QSPI_SIOO_INST_EVERY_CMD' undeclared (first use in this function)
   sCommand.SIOOMode          = QSPI_SIOO_INST_EVERY_CMD;
                                ^~~~~~~~~~~~~~~~~~~~~~~~
../Drivers/BSP/B-L475E-IOT01/stm32l475e_iot01_qspi.c:719:48: error: 'HAL_QPSI_TIMEOUT_DEFAULT_VALUE' undeclared (first use in this function); did you mean 'HAL_UART_TIMEOUT_VALUE'?
   if (HAL_QSPI_Command(&QSPIHandle, &sCommand, HAL_QPSI_TIMEOUT_DEFAULT_VALUE) != HAL_OK)
                                                ^~~~~~~~~~~~~~~~~~~~~~~~~~~~~~
                                                HAL_UART_TIMEOUT_VALUE
../Drivers/BSP/B-L475E-IOT01/stm32l475e_iot01_qspi.c: At top level:
../Drivers/BSP/B-L475E-IOT01/stm32l475e_iot01_qspi.c:794:33: error: unknown type name 'QSPI_HandleTypeDef'; did you mean 'SPI_HandleTypeDef'?
 static uint8_t QSPI_ResetMemory(QSPI_HandleTypeDef *hqspi)
                                 ^~~~~~~~~~~~~~~~~~
                                 SPI_HandleTypeDef
../Drivers/BSP/B-L475E-IOT01/stm32l475e_iot01_qspi.c:836:33: error: unknown type name 'QSPI_HandleTypeDef'; did you mean 'SPI_HandleTypeDef'?
 static uint8_t QSPI_WriteEnable(QSPI_HandleTypeDef *hqspi)
                                 ^~~~~~~~~~~~~~~~~~
                                 SPI_HandleTypeDef
../Drivers/BSP/B-L475E-IOT01/stm32l475e_iot01_qspi.c:882:41: error: unknown type name 'QSPI_HandleTypeDef'; did you mean 'SPI_HandleTypeDef'?
 static uint8_t QSPI_AutoPollingMemReady(QSPI_HandleTypeDef *hqspi, uint32_t Timeout)
                                         ^~~~~~~~~~~~~~~~~~
                                         SPI_HandleTypeDef
../Drivers/BSP/B-L475E-IOT01/stm32l475e_iot01_qspi.c:919:30: error: unknown type name 'QSPI_HandleTypeDef'; did you mean 'SPI_HandleTypeDef'?
 static uint8_t QSPI_QuadMode(QSPI_HandleTypeDef *hqspi, uint8_t Operation)
                              ^~~~~~~~~~~~~~~~~~
                              SPI_HandleTypeDef
../Drivers/BSP/B-L475E-IOT01/stm32l475e_iot01_qspi.c:1008:34: error: unknown type name 'QSPI_HandleTypeDef'; did you mean 'SPI_HandleTypeDef'?
 static uint8_t QSPI_HighPerfMode(QSPI_HandleTypeDef *hqspi, uint8_t Operation)
                                  ^~~~~~~~~~~~~~~~~~
                                  SPI_HandleTypeDef
make: *** [Drivers/BSP/B-L475E-IOT01/subdir.mk:51: Drivers/BSP/B-L475E-IOT01/stm32l475e_iot01_qspi.o] Error 1
"make all" terminated with exit code 2. Build might be incomplete.
